RUN	computerdatabase.startProcessInstanceAndComplete	startprocessinstanceandcomplete	1634625317940	 	3.6.1
USER	scenario name	START	1634625319252
REQUEST		startProcessInstanceByKey	1634625319275	1634625319922	OK	 
REQUEST		getCurrentSingleTask	1634625319981	1634625320060	OK	 
USER	scenario name	START	1634625320252
REQUEST		startProcessInstanceByKey	1634625320252	1634625320359	OK	 
REQUEST		getCurrentSingleTask	1634625320360	1634625320382	OK	 
USER	scenario name	START	1634625321247
REQUEST		startProcessInstanceByKey	1634625321247	1634625321343	OK	 
REQUEST		getCurrentSingleTask	1634625321344	1634625321360	OK	 
USER	scenario name	START	1634625322247
REQUEST		startProcessInstanceByKey	1634625322247	1634625322327	OK	 
REQUEST		getCurrentSingleTask	1634625322328	1634625322344	OK	 
USER	scenario name	START	1634625323243
REQUEST		startProcessInstanceByKey	1634625323244	1634625323318	OK	 
REQUEST		getCurrentSingleTask	1634625323319	1634625323332	OK	 
REQUEST		completeTask	1634625323073	1634625323371	OK	 
REQUEST		getCurrentSingleTask	1634625323374	1634625323391	OK	 
REQUEST		completeTask	1634625323398	1634625323669	OK	 
REQUEST		getCurrentSingleTask	1634625323670	1634625323686	OK	 
USER	scenario name	START	1634625324239
REQUEST		startProcessInstanceByKey	1634625324240	1634625324320	OK	 
REQUEST		getCurrentSingleTask	1634625324321	1634625324339	OK	 
REQUEST		completeTask	1634625324364	1634625324670	OK	 
REQUEST		getCurrentSingleTask	1634625324671	1634625324685	OK	 
REQUEST		completeTask	1634625325356	1634625325466	OK	 
REQUEST		getCurrentSingleTask	1634625325467	1634625325482	OK	 
REQUEST		completeTask	1634625326340	1634625326685	OK	 
REQUEST		getCurrentSingleTask	1634625326686	1634625326699	OK	 
REQUEST		completeTask	1634625326402	1634625326868	OK	 
REQUEST		getCurrentSingleTask	1634625326869	1634625326883	OK	 
REQUEST		completeTask	1634625326697	1634625326968	OK	 
REQUEST		getCurrentSingleTask	1634625326969	1634625326984	OK	 
REQUEST		completeTask	1634625327349	1634625327471	OK	 
REQUEST		getCurrentSingleTask	1634625327472	1634625327484	OK	 
REQUEST		completeTask	1634625327693	1634625327870	OK	 
REQUEST		getCurrentSingleTask	1634625327871	1634625327882	OK	 
REQUEST		completeTask	1634625328485	1634625328646	OK	 
REQUEST		getCurrentSingleTask	1634625328648	1634625328674	OK	 
REQUEST		completeTask	1634625329701	1634625329862	OK	 
REQUEST		getCurrentSingleTask	1634625329863	1634625329877	OK	 
REQUEST		completeTask	1634625329887	1634625329972	OK	 
REQUEST		getCurrentSingleTask	1634625329973	1634625329986	OK	 
REQUEST		completeTask	1634625329994	1634625330113	OK	 
REQUEST		getCurrentSingleTask	1634625330114	1634625330126	OK	 
REQUEST		completeTask	1634625330491	1634625330670	OK	 
REQUEST		getCurrentSingleTask	1634625330671	1634625330684	OK	 
REQUEST		completeTask	1634625330894	1634625331112	OK	 
REQUEST		getCurrentSingleTask	1634625331112	1634625331125	OK	 
REQUEST		completeTask	1634625331686	1634625331799	OK	 
REQUEST		getCurrentSingleTask	1634625331800	1634625331813	OK	 
REQUEST		completeTask	1634625332886	1634625333470	OK	 
REQUEST		getCurrentSingleTask	1634625333471	1634625333483	OK	 
REQUEST		completeTask	1634625332992	1634625333600	OK	 
REQUEST		completeTask	1634625333135	1634625333600	OK	 
USER	scenario name	END	1634625333603
USER	scenario name	END	1634625333603
REQUEST		completeTask	1634625333693	1634625333784	OK	 
REQUEST		getCurrentSingleTask	1634625333786	1634625333797	OK	 
REQUEST		completeTask	1634625334127	1634625334226	OK	 
USER	scenario name	END	1634625334227
REQUEST		completeTask	1634625334824	1634625334946	OK	 
USER	scenario name	END	1634625334947
REQUEST		completeTask	1634625336486	1634625336637	OK	 
USER	scenario name	END	1634625336638
REQUEST		completeTask	1634625336812	1634625336897	OK	 
USER	scenario name	END	1634625336898
